<?xml version="1.0" encoding="utf-8" standalone="no"?>
<!--This file represents the results of running a test suite-->
<test-results name="C:\Users\broadcastzero\0 FH\3. Semester\GPR3\bz_hal\TestsNunit\Tests.nunit" total="9" errors="0" failures="0" not-run="0" inconclusive="0" ignored="0" skipped="0" invalid="0" date="2011-12-28" time="14:08:39">
  <environment nunit-version="2.5.10.11092" clr-version="4.0.30319.488" os-version="Microsoft Windows NT 6.1.7601 Service Pack 1" platform="Win32NT" cwd="C:\Program Files (x86)\NUnit 2.5.10\bin\net-2.0" machine-name="BZ-PC" user="broadcastzero" user-domain="BZ-PC" />
  <culture-info current-culture="de-AT" current-uiculture="de-DE" />
  <test-suite type="Project" name="C:\Users\broadcastzero\0 FH\3. Semester\GPR3\bz_hal\TestsNunit\Tests.nunit" executed="True" result="Success" success="True" time="0.724" asserts="0">
    <results>
      <test-suite type="Assembly" name="C:\Users\broadcastzero\0 FH\3. Semester\GPR3\bz_hal\TestsNunit\PluginManagerTest\bin\Debug\PluginManagerTest.dll" executed="True" result="Success" success="True" time="0.368" asserts="0">
        <results>
          <test-suite type="Namespace" name="PluginManagerTest" executed="True" result="Success" success="True" time="0.367" asserts="0">
            <results>
              <test-suite type="TestFixture" name="ReadPluginsTest" executed="True" result="Success" success="True" time="0.283" asserts="0">
                <results>
                  <test-case name="PluginManagerTest.ReadPluginsTest.NoPluginFoundExceptionTest" executed="True" result="Success" success="True" time="0.089" asserts="0" />
                  <test-case name="PluginManagerTest.ReadPluginsTest.ReadPluginFolderTest" executed="True" result="Success" success="True" time="0.095" asserts="1" />
                </results>
              </test-suite>
              <test-suite type="TestFixture" name="ReceivePluginAnswerTest" executed="True" result="Success" success="True" time="0.069" asserts="0">
                <results>
                  <test-case name="PluginManagerTest.ReceivePluginAnswerTest.GeneralAnswerTest" executed="True" result="Success" success="True" time="0.028" asserts="1" />
                  <test-case name="PluginManagerTest.ReceivePluginAnswerTest.MathTest" executed="True" result="Success" success="True" time="0.006" asserts="2" />
                </results>
              </test-suite>
            </results>
          </test-suite>
        </results>
      </test-suite>
      <test-suite type="Assembly" name="C:\Users\broadcastzero\0 FH\3. Semester\GPR3\bz_hal\TestsNunit\TextParserTest\bin\Debug\TextParserTest.dll" executed="True" result="Success" success="True" time="0.156" asserts="0">
        <results>
          <test-suite type="Namespace" name="TextParserTest" executed="True" result="Success" success="True" time="0.155" asserts="0">
            <results>
              <test-suite type="TestFixture" name="SplitsCorrectlyTest" executed="True" result="Success" success="True" time="0.154" asserts="0">
                <results>
                  <test-case name="TextParserTest.SplitsCorrectlyTest.InvalidSentenceExceptionTest" executed="True" result="Success" success="True" time="0.003" asserts="0" />
                  <test-case name="TextParserTest.SplitsCorrectlyTest.MathTest" executed="True" result="Success" success="True" time="0.043" asserts="1" />
                  <test-case name="TextParserTest.SplitsCorrectlyTest.SplitTest" executed="True" result="Success" success="True" time="0.042" asserts="5" />
                  <test-case name="TextParserTest.SplitsCorrectlyTest.TypeTest" executed="True" result="Success" success="True" time="0.006" asserts="6" />
                </results>
              </test-suite>
            </results>
          </test-suite>
        </results>
      </test-suite>
      <test-suite type="Assembly" name="C:\Users\broadcastzero\0 FH\3. Semester\GPR3\bz_hal\TestsNunit\PluginNavTest\bin\Debug\PluginNavTest.dll" executed="True" result="Success" success="True" time="0.054" asserts="0">
        <results>
          <test-suite type="Namespace" name="PluginNavTest" executed="True" result="Success" success="True" time="0.053" asserts="0">
            <results>
              <test-suite type="TestFixture" name="NavigatesCorrectlyTest" executed="True" result="Success" success="True" time="0.051" asserts="0">
                <results>
                  <test-case name="PluginNavTest.NavigatesCorrectlyTest.GetPriorityTest" executed="True" result="Success" success="True" time="0.008" asserts="1" />
                </results>
              </test-suite>
            </results>
          </test-suite>
        </results>
      </test-suite>
    </results>
  </test-suite>
</test-results>