<?xml version="1.0" encoding="utf-8" standalone="no"?>
<!--This file represents the results of running a test suite-->
<test-results name="C:\Users\broadcastzero\0 FH\3. Semester\SWE\0 Hauptuebung\HAL_Solution\TestsNunit\Tests.nunit" total="7" errors="0" failures="0" not-run="0" inconclusive="0" ignored="0" skipped="0" invalid="0" date="2011-12-22" time="12:22:02">
  <environment nunit-version="2.5.10.11092" clr-version="2.0.50727.5448" os-version="Microsoft Windows NT 6.1.7601 Service Pack 1" platform="Win32NT" cwd="C:\Program Files\NUnit 2.5.10\bin\net-2.0" machine-name="BROADCAST-ZERO" user="broadcastzero" user-domain="broadcast-zero" />
  <culture-info current-culture="de-AT" current-uiculture="de-DE" />
  <test-suite type="Project" name="C:\Users\broadcastzero\0 FH\3. Semester\SWE\0 Hauptuebung\HAL_Solution\TestsNunit\Tests.nunit" executed="True" result="Success" success="True" time="0.171" asserts="0">
    <results>
      <test-suite type="Assembly" name="C:\Users\broadcastzero\0 FH\3. Semester\SWE\0 Hauptuebung\HAL_Solution\TestsNunit\PluginManagerTest\bin\Debug\PluginManagerTest.dll" executed="True" result="Success" success="True" time="0.099" asserts="0">
        <results>
          <test-suite type="Namespace" name="PluginManagerTest" executed="True" result="Success" success="True" time="0.099" asserts="0">
            <results>
              <test-suite type="TestFixture" name="ReadPluginsTest" executed="True" result="Success" success="True" time="0.088" asserts="0">
                <results>
                  <test-case name="PluginManagerTest.ReadPluginsTest.NoPluginFoundExceptionTest" executed="True" result="Success" success="True" time="0.012" asserts="0" />
                  <test-case name="PluginManagerTest.ReadPluginsTest.ReadPluginFolderTest" executed="True" result="Success" success="True" time="0.038" asserts="1" />
                </results>
              </test-suite>
              <test-suite type="TestFixture" name="ReceivePluginAnswerTest" executed="True" result="Success" success="True" time="0.007" asserts="0">
                <results>
                  <test-case name="PluginManagerTest.ReceivePluginAnswerTest.GeneralAnswerTest" executed="True" result="Success" success="True" time="0.006" asserts="1" />
                </results>
              </test-suite>
            </results>
          </test-suite>
        </results>
      </test-suite>
      <test-suite type="Assembly" name="C:\Users\broadcastzero\0 FH\3. Semester\SWE\0 Hauptuebung\HAL_Solution\TestsNunit\TextParserTest\bin\Debug\TextParserTest.dll" executed="True" result="Success" success="True" time="0.046" asserts="0">
        <results>
          <test-suite type="Namespace" name="TextParserTest" executed="True" result="Success" success="True" time="0.046" asserts="0">
            <results>
              <test-suite type="TestFixture" name="SplitsCorrectlyTest" executed="True" result="Success" success="True" time="0.044" asserts="0">
                <results>
                  <test-case name="TextParserTest.SplitsCorrectlyTest.InvalidSentenceExceptionTest" executed="True" result="Success" success="True" time="0.001" asserts="0" />
                  <test-case name="TextParserTest.SplitsCorrectlyTest.MathTest" executed="True" result="Success" success="True" time="0.007" asserts="1" />
                  <test-case name="TextParserTest.SplitsCorrectlyTest.SplitTest" executed="True" result="Success" success="True" time="0.013" asserts="5" />
                  <test-case name="TextParserTest.SplitsCorrectlyTest.TypeTest" executed="True" result="Success" success="True" time="0.001" asserts="6" />
                </results>
              </test-suite>
            </results>
          </test-suite>
        </results>
      </test-suite>
    </results>
  </test-suite>
</test-results>