<?xml version="1.0" encoding="utf-8" standalone="no"?>
<!--This file represents the results of running a test suite-->
<test-results name="C:\Users\broadcastzero\0 FH\3. Semester\SWE\bz_hal\TestsNunit\Tests.nunit" total="1" errors="1" failures="0" not-run="0" inconclusive="0" ignored="0" skipped="0" invalid="0" date="2011-12-31" time="17:05:32">
  <environment nunit-version="2.5.10.11092" clr-version="2.0.50727.5448" os-version="Microsoft Windows NT 6.1.7601 Service Pack 1" platform="Win32NT" cwd="C:\Program Files (x86)\NUnit 2.5.10\bin\net-2.0" machine-name="BZ-LAPTOP" user="broadcastzero" user-domain="bz-LAPTOP" />
  <culture-info current-culture="de-AT" current-uiculture="en-US" />
  <test-suite type="Project" name="C:\Users\broadcastzero\0 FH\3. Semester\SWE\bz_hal\TestsNunit\Tests.nunit" executed="True" result="Failure" success="False" time="0.100" asserts="0">
    <results>
      <test-suite type="Assembly" name="C:\Users\broadcastzero\0 FH\3. Semester\SWE\bz_hal\TestsNunit\PluginTellBirthdayTest\bin\Debug\PluginTellBirthdayTest.dll" executed="True" result="Failure" success="False" time="0.085" asserts="0">
        <results>
          <test-suite type="Namespace" name="PluginTellBirthdayTest" executed="True" result="Failure" success="False" time="0.085" asserts="0">
            <results>
              <test-suite type="TestFixture" name="CalculatingTest" executed="True" result="Failure" success="False" time="0.083" asserts="0">
                <results>
                  <test-case name="PluginTellBirthdayTest.CalculatingTest.GetDay" executed="True" result="Error" success="False" time="0.065" asserts="0">
                    <failure>
                      <message><![CDATA[System.IndexOutOfRangeException : Index was outside the bounds of the array.]]></message>
                      <stack-trace><![CDATA[at PluginTellDay.PluginTellBirthday.CalculateSentence(List`1 wordlist) in C:\Users\broadcastzero\0 FH\3. Semester\SWE\bz_hal\PluginTellBirthday\PluginTellBirthday.cs:line 50
at PluginTellBirthdayTest.CalculatingTest.GetDay() in C:\Users\broadcastzero\0 FH\3. Semester\SWE\bz_hal\TestsNunit\PluginTellBirthdayTest\CalculatingTest.cs:line 39
]]></stack-trace>
                    </failure>
                  </test-case>
                </results>
              </test-suite>
            </results>
          </test-suite>
        </results>
      </test-suite>
    </results>
  </test-suite>
</test-results>