<?xml version="1.0" encoding="utf-8" standalone="no"?>
<!--This file represents the results of running a test suite-->
<test-results name="C:\Users\broadcastzero\0 FH\3. Semester\GPR3\bz_hal\TextParserTest\bin\Debug\TextParserTest.dll" total="1" errors="0" failures="0" not-run="0" inconclusive="0" ignored="0" skipped="0" invalid="0" date="2011-12-19" time="15:42:39">
  <environment nunit-version="2.5.10.11092" clr-version="4.0.30319.488" os-version="Microsoft Windows NT 6.1.7601 Service Pack 1" platform="Win32NT" cwd="C:\Program Files (x86)\NUnit 2.5.10\bin\net-2.0" machine-name="BZ-PC" user="broadcastzero" user-domain="BZ-PC" />
  <culture-info current-culture="de-AT" current-uiculture="de-DE" />
  <test-suite type="Assembly" name="C:\Users\broadcastzero\0 FH\3. Semester\GPR3\bz_hal\TextParserTest\bin\Debug\TextParserTest.dll" executed="True" result="Success" success="True" time="0.004" asserts="0">
    <results>
      <test-suite type="Namespace" name="TextParserTest" executed="True" result="Success" success="True" time="0.004" asserts="0">
        <results>
          <test-suite type="TestFixture" name="SplitsCorrectlyTest" executed="True" result="Success" success="True" time="0.003" asserts="0">
            <results>
              <test-case name="TextParserTest.SplitsCorrectlyTest.SplitTest" executed="True" result="Success" success="True" time="0.000" asserts="5" />
            </results>
          </test-suite>
        </results>
      </test-suite>
    </results>
  </test-suite>
</test-results>